<?xml version="1.0" encoding="UTF-8"?>
<!-- Generated by org.testng.reporters.JUnitReportReporter -->
<testsuite hostname="ABID.home" failures="0" tests="1" name="TestCases.HomePageTest" time="15.097" errors="0" timestamp="2020-04-19T20:25:17 EDT" skipped="0">
  <testcase classname="TestCases.HomePageTest" name="navigateToHomePage" time="15.097"/>
  <system-out/>
</testsuite> <!-- TestCases.HomePageTest -->
