<?xml version="1.0" encoding="UTF-8"?>
<!-- Generated by org.testng.reporters.JUnitReportReporter -->
<testsuite hostname="ABID.home" failures="0" tests="1" name="TestCases.RegistrationPageTest" time="9.787" errors="0" timestamp="2020-04-21T18:28:30 EDT" skipped="0">
  <testcase classname="TestCases.RegistrationPageTest" name="navigateToRegistrationPage" time="9.787"/>
  <system-out/>
</testsuite> <!-- TestCases.RegistrationPageTest -->
