<?xml version="1.0" encoding="UTF-8"?>
<!-- Generated by org.testng.reporters.JUnitReportReporter -->
<testsuite hostname="ABID.home" failures="0" tests="2" name="TestCases.LoginPageTest" time="18.452" errors="0" timestamp="2020-04-21T18:28:30 EDT" skipped="0">
  <testcase classname="TestCases.LoginPageTest" name="navigateToHomePage" time="7.602"/>
  <system-out/>
  <testcase classname="TestCases.LoginPageTest" name="navigateToHomePage" time="10.850"/>
  <system-out/>
</testsuite> <!-- TestCases.LoginPageTest -->
