<?xml version="1.0" encoding="UTF-8"?>
<!-- Generated by org.testng.reporters.JUnitReportReporter -->
<testsuite hostname="ABID.home" failures="0" tests="2" name="TestCases.LoginPageTest" time="49.342" errors="0" timestamp="2020-04-20T16:47:43 EDT" skipped="0">
  <testcase classname="TestCases.LoginPageTest" name="navigateToHomePage" time="27.439"/>
  <system-out/>
  <testcase classname="TestCases.LoginPageTest" name="navigateToHomePage" time="21.903"/>
  <system-out/>
</testsuite> <!-- TestCases.LoginPageTest -->
