<?xml version="1.0" encoding="UTF-8"?>
<!-- Generated by org.testng.reporters.JUnitReportReporter -->
<testsuite hostname="ABID.home" failures="0" tests="1" name="TestCases.RegistrationPageTest" time="21.258" errors="0" timestamp="2020-04-20T16:47:43 EDT" skipped="0">
  <testcase classname="TestCases.RegistrationPageTest" name="navigateToRegistrationPage" time="21.258"/>
  <system-out/>
</testsuite> <!-- TestCases.RegistrationPageTest -->
